<html>
<head>
<title>TestNG:  Test</title>
<link href="../testng.css" rel="stylesheet" type="text/css" />
<link href="../my-testng.css" rel="stylesheet" type="text/css" />

<style type="text/css">
.log { display: none;} 
.stack-trace { display: none;} 
</style>
<script type="text/javascript">
<!--
function flip(e) {
  current = e.style.display;
  if (current == 'block') {
    e.style.display = 'none';
    return 0;
  }
  else {
    e.style.display = 'block';
    return 1;
  }
}

function toggleBox(szDivId, elem, msg1, msg2)
{
  var res = -1;  if (document.getElementById) {
    res = flip(document.getElementById(szDivId));
  }
  else if (document.all) {
    // this is the way old msie versions work
    res = flip(document.all[szDivId]);
  }
  if(elem) {
    if(res == 0) elem.innerHTML = msg1; else elem.innerHTML = msg2;
  }

}

function toggleAllBoxes() {
  if (document.getElementsByTagName) {
    d = document.getElementsByTagName('div');
    for (i = 0; i < d.length; i++) {
      if (d[i].className == 'log') {
        flip(d[i]);
      }
    }
  }
}

// -->
</script>

</head>
<body>
<h2 align='center'>Test</h2><table border='1' align="center">
<tr>
<td>Tests passed/Failed/Skipped:</td><td>6/0/2</td>
</tr><tr>
<td>Started on:</td><td>Mon Sep 15 13:49:02 IST 2025</td>
</tr>
<tr><td>Total time:</td><td>5 seconds (5067 ms)</td>
</tr><tr>
<td>Included groups:</td><td></td>
</tr><tr>
<td>Excluded groups:</td><td></td>
</tr>
</table><p/>
<small><i>(Hover the method name to see the test class name)</i></small><p/>
<table width='100%' border='1' class='invocation-failed'>
<tr><td colspan='4' align='center'><b>FAILED CONFIGURATIONS</b></td></tr>
<tr><td><b>Test method</b></td>
<td><b>Attribute(s)</b></td>
<td width="30%"><b>Exception</b></td>
<td width="10%"><b>Time (seconds)</b></td>
<td><b>Instance</b></td>
</tr>
<tr>
<td title='all_testNG_package.Check_Number_Of_Added_Item_Using_SoftAssertion.doLogIn()'><b>doLogIn</b><br>Test class: all_testNG_package.Check_Number_Of_Added_Item_Using_SoftAssertion</td>
<td><div><pre>java.lang.NullPointerException: Cannot invoke &quot;String.toLowerCase()&quot; because &quot;browser&quot; is null
	at utilityPackage.WebDriverUtility.openBrowser(WebDriverUtility.java:20)
	at baseClassPackage.EndToEndBaseClass.doLogIn(EndToEndBaseClass.java:79)
	at java.base/java.util.ArrayList.forEach(ArrayList.java:1597)
... Removed 23 stack frames</pre></div><a href='#' onClick='toggleBox("stack-trace628610760", this, "Click to show all stack frames", "Click to hide stack frames")'>Click to show all stack frames</a>
<div class='stack-trace' id='stack-trace628610760'><pre>java.lang.NullPointerException: Cannot invoke &quot;String.toLowerCase()&quot; because &quot;browser&quot; is null
	at utilityPackage.WebDriverUtility.openBrowser(WebDriverUtility.java:20)
	at baseClassPackage.EndToEndBaseClass.doLogIn(EndToEndBaseClass.java:79)
	at java.base/jdk.internal.reflect.DirectMethodHandleAccessor.invoke(DirectMethodHandleAccessor.java:103)
	at java.base/java.lang.reflect.Method.invoke(Method.java:580)
	at org.testng.internal.invokers.MethodInvocationHelper.invokeMethod(MethodInvocationHelper.java:141)
	at org.testng.internal.invokers.MethodInvocationHelper.invokeMethodConsideringTimeout(MethodInvocationHelper.java:71)
	at org.testng.internal.invokers.ConfigInvoker.invokeConfigurationMethod(ConfigInvoker.java:400)
	at org.testng.internal.invokers.ConfigInvoker.invokeConfigurations(ConfigInvoker.java:333)
	at org.testng.internal.invokers.TestMethodWorker.invokeBeforeClassMethods(TestMethodWorker.java:188)
	at org.testng.internal.invokers.TestMethodWorker.run(TestMethodWorker.java:128)
	at java.base/java.util.ArrayList.forEach(ArrayList.java:1597)
	at org.testng.TestRunner.privateRun(TestRunner.java:739)
	at org.testng.TestRunner.run(TestRunner.java:614)
	at org.testng.SuiteRunner.runTest(SuiteRunner.java:421)
	at org.testng.SuiteRunner.runSequentially(SuiteRunner.java:413)
	at org.testng.SuiteRunner.privateRun(SuiteRunner.java:373)
	at org.testng.SuiteRunner.run(SuiteRunner.java:312)
	at org.testng.SuiteRunnerWorker.runSuite(SuiteRunnerWorker.java:52)
	at org.testng.SuiteRunnerWorker.run(SuiteRunnerWorker.java:95)
	at org.testng.TestNG.runSuitesSequentially(TestNG.java:1274)
	at org.testng.TestNG.runSuitesLocally(TestNG.java:1208)
	at org.testng.TestNG.runSuites(TestNG.java:1112)
	at org.testng.TestNG.run(TestNG.java:1079)
	at org.testng.remote.AbstractRemoteTestNG.run(AbstractRemoteTestNG.java:115)
	at org.testng.remote.RemoteTestNG.initAndRun(RemoteTestNG.java:293)
	at org.testng.remote.RemoteTestNG.main(RemoteTestNG.java:91)
</pre></div></td>
<td>0</td>
<td>all_testNG_package.Check_Number_Of_Added_Item_Using_SoftAssertion@4d1c005e</td></tr>
</table><p>
<table width='100%' border='1' class='invocation-passed'>
<tr><td colspan='4' align='center'><b>PASSED TESTS</b></td></tr>
<tr><td><b>Test method</b></td>
<td><b>Attribute(s)</b></td>
<td width="30%"><b>Exception</b></td>
<td width="10%"><b>Time (seconds)</b></td>
<td><b>Instance</b></td>
</tr>
<tr>
<td title='all_testNG_package.AddingItem_End_To_End_Using_Hard_Assertions.verifyMessage()'><b>verifyMessage</b><br>Test class: all_testNG_package.AddingItem_End_To_End_Using_Hard_Assertions<br/>
<a href="#Output-584501954" onClick='toggleBox("Output-584501954", this, "Show output", "Hide output");'>Show output</a>

<a href="#Output-584501954" onClick="toggleAllBoxes();">Show all outputs</a>
<div class='log' id="Output-584501954">
The Test case ~ verifyMessage is started execution<br/>
The Checkout Complete Page is Loaded<br/>
The Confirmation Message is matched<br/>
The Home Button is Displayed<br/>
The Test Case ~ verifyMessage is sucessful<br/>
</div>
</td>
<td></td>
<td>0</td>
<td>all_testNG_package.AddingItem_End_To_End_Using_Hard_Assertions@183ec003</td></tr>
<tr>
<td title='all_testNG_package.AddingItem_End_To_End_Using_Hard_Assertions.fillOrderDetails()'><b>fillOrderDetails</b><br>Test class: all_testNG_package.AddingItem_End_To_End_Using_Hard_Assertions<br/>
<a href="#Output-1949126165" onClick='toggleBox("Output-1949126165", this, "Show output", "Hide output");'>Show output</a>

<a href="#Output-1949126165" onClick="toggleAllBoxes();">Show all outputs</a>
<div class='log' id="Output-1949126165">
The Test case ~ fillOrderDetails is started execution<br/>
The FirstNameField is displayed<br/>
The LastNameField is displayed<br/>
The PostalCodeField is displayed<br/>
The ContinueButton is displayed<br/>
The Test Case ~ fillOrderDetails is sucessful<br/>
</div>
</td>
<td></td>
<td>0</td>
<td>all_testNG_package.AddingItem_End_To_End_Using_Hard_Assertions@183ec003</td></tr>
<tr>
<td title='all_testNG_package.AddingItem_End_To_End_Using_Hard_Assertions.addItem()'><b>addItem</b><br>Test class: all_testNG_package.AddingItem_End_To_End_Using_Hard_Assertions<br/>
<a href="#Output-622820646" onClick='toggleBox("Output-622820646", this, "Show output", "Hide output");'>Show output</a>

<a href="#Output-622820646" onClick="toggleAllBoxes();">Show all outputs</a>
<div class='log' id="Output-622820646">
The Test case ~ addItem is started execution<br/>
The Inventory Page is Loaded<br/>
The Test Case ~ addItem is sucessful<br/>
</div>
</td>
<td></td>
<td>0</td>
<td>all_testNG_package.AddingItem_End_To_End_Using_Hard_Assertions@183ec003</td></tr>
<tr>
<td title='all_testNG_package.AddingItem_End_To_End_Using_Hard_Assertions.finishOrder()'><b>finishOrder</b><br>Test class: all_testNG_package.AddingItem_End_To_End_Using_Hard_Assertions<br/>
<a href="#Output-1561347421" onClick='toggleBox("Output-1561347421", this, "Show output", "Hide output");'>Show output</a>

<a href="#Output-1561347421" onClick="toggleAllBoxes();">Show all outputs</a>
<div class='log' id="Output-1561347421">
The Test case ~ finishOrder is started execution<br/>
The Cart Page Two is Loaded<br/>
The Finish Button is Displayed<br/>
The Test Case ~ finishOrder is sucessful<br/>
</div>
</td>
<td></td>
<td>0</td>
<td>all_testNG_package.AddingItem_End_To_End_Using_Hard_Assertions@183ec003</td></tr>
<tr>
<td title='all_testNG_package.AddingItem_End_To_End_Using_Hard_Assertions.goToCart()'><b>goToCart</b><br>Test class: all_testNG_package.AddingItem_End_To_End_Using_Hard_Assertions<br/>
<a href="#Output-827579900" onClick='toggleBox("Output-827579900", this, "Show output", "Hide output");'>Show output</a>

<a href="#Output-827579900" onClick="toggleAllBoxes();">Show all outputs</a>
<div class='log' id="Output-827579900">
The Test case ~ goToCart is started execution<br/>
The cart button is displayed<br/>
The Test Case ~ goToCart is sucessful<br/>
</div>
</td>
<td></td>
<td>0</td>
<td>all_testNG_package.AddingItem_End_To_End_Using_Hard_Assertions@183ec003</td></tr>
<tr>
<td title='all_testNG_package.AddingItem_End_To_End_Using_Hard_Assertions.doCheckout()'><b>doCheckout</b><br>Test class: all_testNG_package.AddingItem_End_To_End_Using_Hard_Assertions<br/>
<a href="#Output-651235118" onClick='toggleBox("Output-651235118", this, "Show output", "Hide output");'>Show output</a>

<a href="#Output-651235118" onClick="toggleAllBoxes();">Show all outputs</a>
<div class='log' id="Output-651235118">
The Test case ~ doCheckout is started execution<br/>
The checkout button is displayed<br/>
The Test Case ~ doCheckout is sucessful<br/>
</div>
</td>
<td></td>
<td>0</td>
<td>all_testNG_package.AddingItem_End_To_End_Using_Hard_Assertions@183ec003</td></tr>
</table><p>
<table width='100%' border='1' class='invocation-skipped'>
<tr><td colspan='4' align='center'><b>SKIPPED TESTS</b></td></tr>
<tr><td><b>Test method</b></td>
<td><b>Attribute(s)</b></td>
<td width="30%"><b>Exception</b></td>
<td width="10%"><b>Time (seconds)</b></td>
<td><b>Instance</b></td>
</tr>
<tr>
<td title='all_testNG_package.Check_Number_Of_Added_Item_Using_SoftAssertion.check_Visibility_Of_All_Products()'><b>check_Visibility_Of_All_Products</b><br>Test class: all_testNG_package.Check_Number_Of_Added_Item_Using_SoftAssertion<br/>
<a href="#Output-209360767" onClick='toggleBox("Output-209360767", this, "Show output", "Hide output");'>Show output</a>

<a href="#Output-209360767" onClick="toggleAllBoxes();">Show all outputs</a>
<div class='log' id="Output-209360767">
Then Test case ~ check_Visibility_Of_All_Products is Skipped<br/>
The Test case ~ check_Added_Item_Number is started execution<br/>
</div>
</td>
<td><div><pre>java.lang.NullPointerException: Cannot invoke &quot;String.toLowerCase()&quot; because &quot;browser&quot; is null
	at utilityPackage.WebDriverUtility.openBrowser(WebDriverUtility.java:20)
	at baseClassPackage.EndToEndBaseClass.doLogIn(EndToEndBaseClass.java:79)
	at java.base/java.util.ArrayList.forEach(ArrayList.java:1597)
... Removed 23 stack frames</pre></div><a href='#' onClick='toggleBox("stack-trace209360767", this, "Click to show all stack frames", "Click to hide stack frames")'>Click to show all stack frames</a>
<div class='stack-trace' id='stack-trace209360767'><pre>java.lang.NullPointerException: Cannot invoke &quot;String.toLowerCase()&quot; because &quot;browser&quot; is null
	at utilityPackage.WebDriverUtility.openBrowser(WebDriverUtility.java:20)
	at baseClassPackage.EndToEndBaseClass.doLogIn(EndToEndBaseClass.java:79)
	at java.base/jdk.internal.reflect.DirectMethodHandleAccessor.invoke(DirectMethodHandleAccessor.java:103)
	at java.base/java.lang.reflect.Method.invoke(Method.java:580)
	at org.testng.internal.invokers.MethodInvocationHelper.invokeMethod(MethodInvocationHelper.java:141)
	at org.testng.internal.invokers.MethodInvocationHelper.invokeMethodConsideringTimeout(MethodInvocationHelper.java:71)
	at org.testng.internal.invokers.ConfigInvoker.invokeConfigurationMethod(ConfigInvoker.java:400)
	at org.testng.internal.invokers.ConfigInvoker.invokeConfigurations(ConfigInvoker.java:333)
	at org.testng.internal.invokers.TestMethodWorker.invokeBeforeClassMethods(TestMethodWorker.java:188)
	at org.testng.internal.invokers.TestMethodWorker.run(TestMethodWorker.java:128)
	at java.base/java.util.ArrayList.forEach(ArrayList.java:1597)
	at org.testng.TestRunner.privateRun(TestRunner.java:739)
	at org.testng.TestRunner.run(TestRunner.java:614)
	at org.testng.SuiteRunner.runTest(SuiteRunner.java:421)
	at org.testng.SuiteRunner.runSequentially(SuiteRunner.java:413)
	at org.testng.SuiteRunner.privateRun(SuiteRunner.java:373)
	at org.testng.SuiteRunner.run(SuiteRunner.java:312)
	at org.testng.SuiteRunnerWorker.runSuite(SuiteRunnerWorker.java:52)
	at org.testng.SuiteRunnerWorker.run(SuiteRunnerWorker.java:95)
	at org.testng.TestNG.runSuitesSequentially(TestNG.java:1274)
	at org.testng.TestNG.runSuitesLocally(TestNG.java:1208)
	at org.testng.TestNG.runSuites(TestNG.java:1112)
	at org.testng.TestNG.run(TestNG.java:1079)
	at org.testng.remote.AbstractRemoteTestNG.run(AbstractRemoteTestNG.java:115)
	at org.testng.remote.RemoteTestNG.initAndRun(RemoteTestNG.java:293)
	at org.testng.remote.RemoteTestNG.main(RemoteTestNG.java:91)
</pre></div></td>
<td>0</td>
<td>all_testNG_package.Check_Number_Of_Added_Item_Using_SoftAssertion@4d1c005e</td></tr>
<tr>
<td title='all_testNG_package.Check_Number_Of_Added_Item_Using_SoftAssertion.check_Added_Item_Number()'><b>check_Added_Item_Number</b><br>Test class: all_testNG_package.Check_Number_Of_Added_Item_Using_SoftAssertion<br/>
<a href="#Output-1956746660" onClick='toggleBox("Output-1956746660", this, "Show output", "Hide output");'>Show output</a>

<a href="#Output-1956746660" onClick="toggleAllBoxes();">Show all outputs</a>
<div class='log' id="Output-1956746660">
Then Test case ~ check_Added_Item_Number is Skipped<br/>
The TestExecxution is finished<br/>
</div>
</td>
<td><div><pre>java.lang.Throwable: Method all_testNG_package.Check_Number_Of_Added_Item_Using_SoftAssertion.check_Added_Item_Number() on instance all_testNG_package.Check_Number_Of_Added_Item_Using_SoftAssertion@4d1c005e depends on not successfully finished methods 
[all_testNG_package.Check_Number_Of_Added_Item_Using_SoftAssertion.check_Visibility_Of_All_Products() on instance all_testNG_package.Check_Number_Of_Added_Item_Using_SoftAssertion@4d1c005e]
	at java.base/java.util.ArrayList.forEach(ArrayList.java:1597)
... Removed 18 stack frames</pre></div><a href='#' onClick='toggleBox("stack-trace1956746660", this, "Click to show all stack frames", "Click to hide stack frames")'>Click to show all stack frames</a>
<div class='stack-trace' id='stack-trace1956746660'><pre>java.lang.Throwable: Method all_testNG_package.Check_Number_Of_Added_Item_Using_SoftAssertion.check_Added_Item_Number() on instance all_testNG_package.Check_Number_Of_Added_Item_Using_SoftAssertion@4d1c005e depends on not successfully finished methods 
[all_testNG_package.Check_Number_Of_Added_Item_Using_SoftAssertion.check_Visibility_Of_All_Products() on instance all_testNG_package.Check_Number_Of_Added_Item_Using_SoftAssertion@4d1c005e]
	at org.testng.internal.invokers.TestInvoker.invokeTestMethods(TestInvoker.java:159)
	at org.testng.internal.invokers.TestMethodWorker.invokeTestMethods(TestMethodWorker.java:154)
	at org.testng.internal.invokers.TestMethodWorker.run(TestMethodWorker.java:134)
	at java.base/java.util.ArrayList.forEach(ArrayList.java:1597)
	at org.testng.TestRunner.privateRun(TestRunner.java:739)
	at org.testng.TestRunner.run(TestRunner.java:614)
	at org.testng.SuiteRunner.runTest(SuiteRunner.java:421)
	at org.testng.SuiteRunner.runSequentially(SuiteRunner.java:413)
	at org.testng.SuiteRunner.privateRun(SuiteRunner.java:373)
	at org.testng.SuiteRunner.run(SuiteRunner.java:312)
	at org.testng.SuiteRunnerWorker.runSuite(SuiteRunnerWorker.java:52)
	at org.testng.SuiteRunnerWorker.run(SuiteRunnerWorker.java:95)
	at org.testng.TestNG.runSuitesSequentially(TestNG.java:1274)
	at org.testng.TestNG.runSuitesLocally(TestNG.java:1208)
	at org.testng.TestNG.runSuites(TestNG.java:1112)
	at org.testng.TestNG.run(TestNG.java:1079)
	at org.testng.remote.AbstractRemoteTestNG.run(AbstractRemoteTestNG.java:115)
	at org.testng.remote.RemoteTestNG.initAndRun(RemoteTestNG.java:293)
	at org.testng.remote.RemoteTestNG.main(RemoteTestNG.java:91)
</pre></div></td>
<td>0</td>
<td>all_testNG_package.Check_Number_Of_Added_Item_Using_SoftAssertion@4d1c005e</td></tr>
</table><p>
</body>
</html>