<?xml version="1.0" encoding="UTF-8"?>
<!-- Generated by org.testng.reporters.JUnitXMLReporter -->
<testsuite ignored="0" hostname="TYSS-Pritam-Pramanick" failures="0" tests="2" name="ParallelMethod" time="3.214" errors="0" timestamp="2025-09-17T14:16:03 IST">
  <testcase classname="baseClassPackage.ParallelMethodExecutionBaseClass" name="@BeforeMethod openBrowserAndDoLogIn" time="1.814">
    <failure type="java.lang.NullPointerException" message="Cannot invoke &amp;quot;org.openqa.selenium.WebDriver.manage()&amp;quot; because the return value of &amp;quot;utilityPackage.WebDriverUtility.getDriver()&amp;quot; is null">
      <![CDATA[java.lang.NullPointerException: Cannot invoke "org.openqa.selenium.WebDriver.manage()" because the return value of "utilityPackage.WebDriverUtility.getDriver()" is null
at utilityPackage.WebDriverUtility.maxmizeBrowser(WebDriverUtility.java:61)
at baseClassPackage.ParallelMethodExecutionBaseClass.openBrowserAndDoLogIn(ParallelMethodExecutionBaseClass.java:62)
at java.base/java.util.concurrent.Executors$RunnableAdapter.call(Executors.java:572)
at java.base/java.util.concurrent.FutureTask.run(FutureTask.java:317)
at java.base/java.util.concurrent.ThreadPoolExecutor.runWorker(ThreadPoolExecutor.java:1144)
at java.base/java.util.concurrent.ThreadPoolExecutor$Worker.run(ThreadPoolExecutor.java:642)
at java.base/java.lang.Thread.run(Thread.java:1570)
... Removed 15 stack frames]]>
    </failure>
  </testcase> <!-- @BeforeMethod openBrowserAndDoLogIn -->
  <testcase classname="baseClassPackage.ParallelMethodExecutionBaseClass" name="@AfterMethod quitBrowser" time="0.0">
    <skipped/>
  </testcase> <!-- @AfterMethod quitBrowser -->
  <testcase classname="baseClassPackage.ParallelMethodExecutionBaseClass" name="@AfterMethod quitBrowser" time="0.0">
    <skipped/>
  </testcase> <!-- @AfterMethod quitBrowser -->
  <testcase classname="all_testNG_package.ParallelMethodExecution" name="add_tShirt_To_cart" time="0.0">
    <skipped/>
  </testcase> <!-- add_tShirt_To_cart -->
  <testcase classname="all_testNG_package.ParallelMethodExecution" name="AadBagToCart" time="0.0">
    <skipped/>
  </testcase> <!-- AadBagToCart -->
</testsuite> <!-- ParallelMethod -->
