<?xml version="1.0" encoding="UTF-8"?>
<!-- Generated by org.testng.reporters.JUnitReportReporter -->
<testsuite hostname="TYSS-Pritam-Pramanick" failures="1" tests="6" name="all_testNG_package.AddingItem_End_To_End_Using_Hard_Assertions" time="1.882" errors="0" timestamp="2025-09-16T13:32:17 IST" skipped="0">
  <testcase classname="all_testNG_package.AddingItem_End_To_End_Using_Hard_Assertions" name="verifyMessage" time="0.249">
    <failure message="null" type="java.lang.AssertionError">
      <![CDATA[java.lang.AssertionError: null
at org.testng.Assert.fail(Assert.java:111)
at org.testng.Assert.fail(Assert.java:116)
at all_testNG_package.AddingItem_End_To_End_Using_Hard_Assertions.verifyMessage(AddingItem_End_To_End_Using_Hard_Assertions.java:101)
at java.base/jdk.internal.reflect.DirectMethodHandleAccessor.invoke(DirectMethodHandleAccessor.java:103)
at java.base/java.lang.reflect.Method.invoke(Method.java:580)
at org.testng.internal.invokers.MethodInvocationHelper.invokeMethod(MethodInvocationHelper.java:141)
at org.testng.internal.invokers.TestInvoker.invokeMethod(TestInvoker.java:686)
at org.testng.internal.invokers.TestInvoker.invokeTestMethod(TestInvoker.java:230)
at org.testng.internal.invokers.MethodRunner.runInSequence(MethodRunner.java:63)
at org.testng.internal.invokers.TestInvoker$MethodInvocationAgent.invoke(TestInvoker.java:992)
at org.testng.internal.invokers.TestInvoker.invokeTestMethods(TestInvoker.java:203)
at org.testng.internal.invokers.TestMethodWorker.invokeTestMethods(TestMethodWorker.java:154)
at org.testng.internal.invokers.TestMethodWorker.run(TestMethodWorker.java:134)
at java.base/java.util.ArrayList.forEach(ArrayList.java:1597)
at org.testng.TestRunner.privateRun(TestRunner.java:739)
at org.testng.TestRunner.run(TestRunner.java:614)
at org.testng.SuiteRunner.runTest(SuiteRunner.java:421)
at org.testng.SuiteRunner.runSequentially(SuiteRunner.java:413)
at org.testng.SuiteRunner.privateRun(SuiteRunner.java:373)
at org.testng.SuiteRunner.run(SuiteRunner.java:312)
at org.testng.SuiteRunnerWorker.runSuite(SuiteRunnerWorker.java:52)
at org.testng.SuiteRunnerWorker.run(SuiteRunnerWorker.java:95)
at org.testng.TestNG.runSuitesSequentially(TestNG.java:1274)
at org.testng.TestNG.runSuitesLocally(TestNG.java:1208)
at org.testng.TestNG.runSuites(TestNG.java:1112)
at org.testng.TestNG.run(TestNG.java:1079)
at org.testng.remote.AbstractRemoteTestNG.run(AbstractRemoteTestNG.java:115)
at org.testng.remote.RemoteTestNG.initAndRun(RemoteTestNG.java:293)
at org.testng.remote.RemoteTestNG.main(RemoteTestNG.java:91)
]]>
    </failure>
    <system-out>
      <![CDATA[The Test case ~ verifyMessage is started execution
The Checkout Complete Page is Loaded
The Confirmation Message is matched
The Home Button is Displayed]]>
    </system-out>
  </testcase> <!-- verifyMessage -->
  <testcase classname="all_testNG_package.AddingItem_End_To_End_Using_Hard_Assertions" name="finishOrder" time="0.203">
    <system-out>
      <![CDATA[The Test case ~ finishOrder is started execution
The Cart Page Two is Loaded
The Finish Button is Displayed
The Test Case ~ finishOrder is sucessful]]>
    </system-out>
  </testcase> <!-- finishOrder -->
  <testcase classname="all_testNG_package.AddingItem_End_To_End_Using_Hard_Assertions" name="goToCart" time="0.183">
    <system-out>
      <![CDATA[The Test case ~ goToCart is started execution
The cart button is displayed
The Test Case ~ goToCart is sucessful]]>
    </system-out>
  </testcase> <!-- goToCart -->
  <testcase classname="all_testNG_package.AddingItem_End_To_End_Using_Hard_Assertions" name="addItem" time="0.201">
    <system-out>
      <![CDATA[The Test case ~ addItem is started execution
The Inventory Page is Loaded
The Test Case ~ addItem is sucessful]]>
    </system-out>
  </testcase> <!-- addItem -->
  <testcase classname="all_testNG_package.AddingItem_End_To_End_Using_Hard_Assertions" name="doCheckout" time="0.185">
    <system-out>
      <![CDATA[The Test case ~ doCheckout is started execution
The checkout button is displayed
The Test Case ~ doCheckout is sucessful]]>
    </system-out>
  </testcase> <!-- doCheckout -->
  <testcase classname="all_testNG_package.AddingItem_End_To_End_Using_Hard_Assertions" name="fillOrderDetails" time="0.861">
    <system-out>
      <![CDATA[The Test case ~ fillOrderDetails is started execution
The FirstNameField is displayed
The LastNameField is displayed
The PostalCodeField is displayed
The ContinueButton is displayed
The Test Case ~ fillOrderDetails is sucessful]]>
    </system-out>
  </testcase> <!-- fillOrderDetails -->
  <system-out>
    <![CDATA[The TestExecution is started ~ Test
The Test case ~ addItem is started execution
The Inventory Page is Loaded
The Test Case ~ addItem is sucessful
The Test case ~ goToCart is started execution
The cart button is displayed
The Test Case ~ goToCart is sucessful
The Test case ~ doCheckout is started execution
The checkout button is displayed
The Test Case ~ doCheckout is sucessful
The Test case ~ fillOrderDetails is started execution
The FirstNameField is displayed
The LastNameField is displayed
The PostalCodeField is displayed
The ContinueButton is displayed
The Test Case ~ fillOrderDetails is sucessful
The Test case ~ finishOrder is started execution
The Cart Page Two is Loaded
The Finish Button is Displayed
The Test Case ~ finishOrder is sucessful
The Test case ~ verifyMessage is started execution
The Checkout Complete Page is Loaded
The Confirmation Message is matched
The Home Button is Displayed]]>
  </system-out>
</testsuite> <!-- all_testNG_package.AddingItem_End_To_End_Using_Hard_Assertions -->
